2020-11-05 11:39:55,228:INFO:PyCaret Supervised Module
2020-11-05 11:39:55,228:INFO:ML Usecase: classification
2020-11-05 11:39:55,228:INFO:version 2.2.0
2020-11-05 11:39:55,228:INFO:Initializing setup()
2020-11-05 11:39:55,228:INFO:setup(target=CLASS, ml_usecase=classification, available_plots={'parameter': 'Hyperparameters', 'auc': 'AUC', 'confusion_matrix': 'Confusion Matrix', 'threshold': 'Threshold', 'pr': 'Precision Recall', 'error': 'Prediction Error', 'class_report': 'Class Report', 'rfe': 'Feature Selection', 'learning': 'Learning Curve', 'manifold': 'Manifold Learning', 'calibration': 'Calibration Curve', 'vc': 'Validation Curve', 'dimension': 'Dimensions', 'feature': 'Feature Importance', 'feature_all': 'Feature Importance (All)', 'boundary': 'Decision Boundary', 'lift': 'Lift Chart', 'gain': 'Gain Chart', 'tree': 'Decision Tree'}, train_size=0.7, test_data=None, preprocess=True, imputation_type=simple, iterative_imputation_iters=5, categorical_features=None, categorical_imputation=constant, categorical_iterative_imputer=lightgbm, ordinal_features=None, high_cardinality_features=None, high_cardinality_method=frequency, numeric_features=None, numeric_imputation=mean, numeric_iterative_imputer=lightgbm, date_features=None, ignore_features=None, normalize=False, normalize_method=zscore, transformation=False, transformation_method=yeo-johnson, handle_unknown_categorical=True, unknown_categorical_method=least_frequent, pca=False, pca_method=linear, pca_components=None, ignore_low_variance=False, combine_rare_levels=False, rare_level_threshold=0.1, bin_numeric_features=None, remove_outliers=False, outliers_threshold=0.05, remove_multicollinearity=False, multicollinearity_threshold=0.9, remove_perfect_collinearity=True, create_clusters=False, cluster_iter=20, polynomial_features=False, polynomial_degree=2, trigonometry_features=False, polynomial_threshold=0.1, group_features=None, group_names=None, feature_selection=False, feature_selection_threshold=0.8, feature_selection_method=classic, feature_interaction=False, feature_ratio=False, interaction_threshold=0.01, fix_imbalance=False, fix_imbalance_method=None, transform_target=False, transform_target_method=box-cox, data_split_shuffle=True, data_split_stratify=False, fold_strategy=stratifiedkfold, fold=10, fold_shuffle=False, fold_groups=None, n_jobs=-1, use_gpu=True, custom_pipeline=None, html=True, session_id=None, log_experiment=False, experiment_name=None, log_plots=False, log_profile=False, log_data=False, silent=False, verbose=True, profile=False, display=None)
2020-11-05 11:39:55,228:INFO:Checking environment
2020-11-05 11:39:55,228:INFO:python_version: 3.7.5
2020-11-05 11:39:55,228:INFO:python_build: ('tags/v3.7.5:5c02a39a0b', 'Oct 15 2019 00:11:34')
2020-11-05 11:39:55,228:INFO:machine: AMD64
2020-11-05 11:39:55,228:INFO:platform: Windows-10-10.0.19041-SP0
2020-11-05 11:39:55,228:WARNING:cannot find psutil installation. memory not traceable. Install psutil using pip to enable memory logging.
2020-11-05 11:39:55,228:INFO:Checking libraries
2020-11-05 11:39:55,228:INFO:pd==0.25.3
2020-11-05 11:39:55,228:INFO:numpy==1.17.4
2020-11-05 11:39:55,228:INFO:sklearn==0.23.2
2020-11-05 11:39:59,596:INFO:xgboost==1.2.1
2020-11-05 11:39:59,596:INFO:lightgbm==3.0.0
2020-11-05 11:40:01,898:INFO:catboost==0.24.2
2020-11-05 11:40:04,496:INFO:mlflow==1.11.0
2020-11-05 11:40:04,496:INFO:Checking Exceptions
2020-11-05 11:40:04,512:INFO:Declaring global variables
2020-11-05 11:40:04,512:INFO:USI: 0642
2020-11-05 11:40:04,512:INFO:pycaret_globals: {'display_container', 'log_plots_param', 'fold_shuffle_param', 'fix_imbalance_param', 'data_before_preprocess', 'X', 'experiment__', 'imputation_regressor', 'iterative_imputation_iters_param', '_all_metrics', 'y_train', 'X_train', '_available_plots', 'n_jobs_param', '_gpu_n_jobs_param', 'exp_name_log', 'y', 'fold_param', 'imputation_classifier', 'logging_param', '_internal_pipeline', 'fix_imbalance_method_param', 'USI', 'stratify_param', '_ml_usecase', 'pycaret_globals', 'html_param', 'transform_target_method_param', 'transform_target_param', 'fold_generator', 'create_model_container', 'master_model_container', 'target_param', '_all_models_internal', 'prep_pipe', 'fold_groups_param', 'seed', 'X_test', 'y_test', 'gpu_param', '_all_models'}
2020-11-05 11:40:04,512:INFO:Preparing display monitor
2020-11-05 11:40:04,512:INFO:Preparing display monitor
2020-11-05 11:40:04,524:INFO:Importing libraries
2020-11-05 11:40:04,524:INFO:Copying data for preprocessing
2020-11-05 11:40:04,534:INFO:Declaring preprocessing parameters
2020-11-05 11:40:04,535:WARNING:cuML not found
2020-11-05 11:40:04,535:WARNING:cuML is outdated or not found. Required version is >=0.15, got 0.24.2
2020-11-05 11:40:04,545:INFO:Creating preprocessing pipeline
2020-11-05 11:40:04,676:INFO:Preprocessing pipeline created successfully
2020-11-05 11:40:04,676:ERROR:(Process Exit): setup has been interupted with user command 'quit'. setup must rerun.
2020-11-05 11:40:04,676:INFO:Creating global containers
2020-11-05 11:40:04,677:INFO:Internal pipeline: Pipeline(memory=None, steps=[('empty_step', 'passthrough')], verbose=False)
2020-11-05 11:41:20,824:WARNING:Couldn't import cuml.linear_model.LogisticRegression
2020-11-05 11:41:20,877:WARNING:Couldn't import cuml.neighbors.KNeighborsClassifier
2020-11-05 11:41:20,879:WARNING:Couldn't import cuml.MBSGDClassifier
2020-11-05 11:41:20,881:WARNING:Couldn't import cuml.svm.SVC
2020-11-05 11:41:20,914:WARNING:Couldn't import cuml.linear_model
2020-11-05 11:41:20,920:WARNING:Couldn't import cuml.ensemble
2020-11-05 11:41:20,945:WARNING:Couldn't import cuml.linear_model.LogisticRegression
2020-11-05 11:41:20,998:WARNING:Couldn't import cuml.neighbors.KNeighborsClassifier
2020-11-05 11:41:21,000:WARNING:Couldn't import cuml.MBSGDClassifier
2020-11-05 11:41:21,001:WARNING:Couldn't import cuml.svm.SVC
2020-11-05 11:41:21,030:WARNING:Couldn't import cuml.linear_model
2020-11-05 11:41:21,037:WARNING:Couldn't import cuml.ensemble
2020-11-05 11:41:21,053:INFO:Creating grid variables
2020-11-05 11:41:21,099:INFO:create_model_container: 0
2020-11-05 11:41:21,099:INFO:master_model_container: 0
2020-11-05 11:41:21,100:INFO:display_container: 0
2020-11-05 11:41:21,105:INFO:Pipeline(memory=None,
         steps=[('dtypes',
                 DataTypes_Auto_infer(categorical_features=[],
                                      display_types=True, features_todrop=[],
                                      id_columns=[],
                                      ml_usecase='classification',
                                      numerical_features=[], target='CLASS',
                                      time_features=[])),
                ('imputer',
                 Simple_Imputer(categorical_strategy='not_available',
                                fill_value_categorical=None,
                                fill_value_numerical=None,
                                numeric_strate...
                ('scaling', 'passthrough'), ('P_transform', 'passthrough'),
                ('binn', 'passthrough'), ('rem_outliers', 'passthrough'),
                ('cluster_all', 'passthrough'),
                ('dummy', Dummify(target='CLASS')),
                ('fix_perfect', Remove_100(target='CLASS')),
                ('clean_names', Clean_Colum_Names()),
                ('feature_select', 'passthrough'), ('fix_multi', 'passthrough'),
                ('dfs', 'passthrough'), ('pca', 'passthrough')],
         verbose=False)
2020-11-05 11:41:21,105:INFO:setup() succesfully completed......................................
2020-11-05 11:41:47,237:INFO:gpu_param set to True
2020-11-05 11:41:47,238:WARNING:Couldn't import cuml.linear_model.LogisticRegression
2020-11-05 11:41:47,292:WARNING:Couldn't import cuml.neighbors.KNeighborsClassifier
2020-11-05 11:41:47,293:WARNING:Couldn't import cuml.MBSGDClassifier
2020-11-05 11:41:47,295:WARNING:Couldn't import cuml.svm.SVC
2020-11-05 11:41:47,321:WARNING:Couldn't import cuml.linear_model
2020-11-05 11:41:47,327:WARNING:Couldn't import cuml.ensemble
2020-11-05 11:42:19,822:INFO:Initializing create_model()
2020-11-05 11:42:19,822:INFO:create_model(estimator=dt, fold=None, round=4, cross_validation=True, predict=True, fit_kwargs=None, groups=None, refit=True, verbose=True, system=True, metrics=None, display=None, kwargs={})
2020-11-05 11:42:19,822:INFO:Checking exceptions
2020-11-05 11:42:19,822:INFO:Preparing display monitor
2020-11-05 11:42:19,843:INFO:Importing libraries
2020-11-05 11:42:19,843:INFO:Copying training dataset
2020-11-05 11:42:19,850:INFO:Defining folds
2020-11-05 11:42:19,850:INFO:Declaring metric variables
2020-11-05 11:42:19,859:INFO:Importing untrained model
2020-11-05 11:42:19,868:INFO:Decision Tree Classifier Imported succesfully
2020-11-05 11:42:19,886:INFO:Starting cross validation
2020-11-05 11:42:19,887:INFO:Cross validating with StratifiedKFold(n_splits=10, random_state=8001, shuffle=False), n_jobs=1
2020-11-05 11:42:31,727:INFO:Calculating mean and std
2020-11-05 11:42:31,727:INFO:Creating metrics dataframe
2020-11-05 11:42:31,741:INFO:Finalizing model
2020-11-05 11:42:33,026:INFO:Uploading results into container
2020-11-05 11:42:33,026:INFO:Uploading model into container now
2020-11-05 11:42:33,081:INFO:create_model_container: 1
2020-11-05 11:42:33,081:INFO:master_model_container: 1
2020-11-05 11:42:33,081:INFO:display_container: 1
2020-11-05 11:42:33,081:INFO:DecisionTreeClassifier(ccp_alpha=0.0, class_weight=None, criterion='gini',
                       max_depth=None, max_features=None, max_leaf_nodes=None,
                       min_impurity_decrease=0.0, min_impurity_split=None,
                       min_samples_leaf=1, min_samples_split=2,
                       min_weight_fraction_leaf=0.0, presort='deprecated',
                       random_state=8001, splitter='best')
2020-11-05 11:42:33,081:INFO:create_model() succesfully completed......................................
2020-11-05 11:42:33,134:INFO:Initializing tune_model()
2020-11-05 11:42:33,134:INFO:tune_model(estimator=DecisionTreeClassifier(ccp_alpha=0.0, class_weight=None, criterion='gini',
                       max_depth=None, max_features=None, max_leaf_nodes=None,
                       min_impurity_decrease=0.0, min_impurity_split=None,
                       min_samples_leaf=1, min_samples_split=2,
                       min_weight_fraction_leaf=0.0, presort='deprecated',
                       random_state=8001, splitter='best'), fold=None, round=4, n_iter=10, custom_grid=None, optimize=Accuracy, custom_scorer=None, search_library=scikit-learn, search_algorithm=None, early_stopping=False, early_stopping_max_iters=10, choose_better=False, fit_kwargs=None, groups=None, return_tuner=False, verbose=True, tuner_verbose=True, display=None, kwargs={})
2020-11-05 11:42:33,134:INFO:Checking exceptions
2020-11-05 11:42:33,152:INFO:Preparing display monitor
2020-11-05 11:42:33,170:INFO:Copying training dataset
2020-11-05 11:42:33,178:INFO:Checking base model
2020-11-05 11:42:33,178:INFO:Base model : Decision Tree Classifier
2020-11-05 11:42:33,184:INFO:Declaring metric variables
2020-11-05 11:42:33,184:INFO:Defining Hyperparameters
2020-11-05 11:42:33,252:INFO:Tuning with n_jobs=-1
2020-11-05 11:42:33,252:INFO:Initializing RandomizedSearchCV
2020-11-05 11:42:38,875:INFO:best_params: {'actual_estimator__min_samples_split': 7, 'actual_estimator__min_samples_leaf': 6, 'actual_estimator__min_impurity_decrease': 0, 'actual_estimator__max_features': 1.0, 'actual_estimator__max_depth': 8, 'actual_estimator__criterion': 'entropy'}
2020-11-05 11:42:38,877:INFO:Random search completed
2020-11-05 11:42:38,878:INFO:SubProcess create_model() called ==================================
2020-11-05 11:42:38,880:INFO:Initializing create_model()
2020-11-05 11:42:38,880:INFO:create_model(estimator=DecisionTreeClassifier(ccp_alpha=0.0, class_weight=None, criterion='gini',
                       max_depth=None, max_features=None, max_leaf_nodes=None,
                       min_impurity_decrease=0.0, min_impurity_split=None,
                       min_samples_leaf=1, min_samples_split=2,
                       min_weight_fraction_leaf=0.0, presort='deprecated',
                       random_state=8001, splitter='best'), fold=StratifiedKFold(n_splits=10, random_state=8001, shuffle=False), round=4, cross_validation=True, predict=True, fit_kwargs={}, groups=None, refit=True, verbose=True, system=False, metrics=None, display=<pycaret.internal.Display.Display object at 0x0000018DC7CCAAC8>, kwargs={'min_samples_split': 7, 'min_samples_leaf': 6, 'min_impurity_decrease': 0, 'max_features': 1.0, 'max_depth': 8, 'criterion': 'entropy'})
2020-11-05 11:42:38,880:INFO:Checking exceptions
2020-11-05 11:42:38,881:INFO:Importing libraries
2020-11-05 11:42:38,881:INFO:Copying training dataset
2020-11-05 11:42:38,902:INFO:Defining folds
2020-11-05 11:42:38,902:INFO:Declaring metric variables
2020-11-05 11:42:38,922:INFO:Importing untrained model
2020-11-05 11:42:38,922:INFO:Declaring custom model
2020-11-05 11:42:38,937:INFO:Decision Tree Classifier Imported succesfully
2020-11-05 11:42:38,962:INFO:Starting cross validation
2020-11-05 11:42:38,963:INFO:Cross validating with StratifiedKFold(n_splits=10, random_state=8001, shuffle=False), n_jobs=1
2020-11-05 11:42:42,954:INFO:Calculating mean and std
2020-11-05 11:42:42,954:INFO:Creating metrics dataframe
2020-11-05 11:42:42,969:INFO:Finalizing model
2020-11-05 11:42:43,384:INFO:Uploading results into container
2020-11-05 11:42:43,384:INFO:Uploading model into container now
2020-11-05 11:42:43,384:INFO:create_model_container: 2
2020-11-05 11:42:43,384:INFO:master_model_container: 2
2020-11-05 11:42:43,384:INFO:display_container: 2
2020-11-05 11:42:43,384:INFO:DecisionTreeClassifier(ccp_alpha=0.0, class_weight=None, criterion='entropy',
                       max_depth=8, max_features=1.0, max_leaf_nodes=None,
                       min_impurity_decrease=0, min_impurity_split=None,
                       min_samples_leaf=6, min_samples_split=7,
                       min_weight_fraction_leaf=0.0, presort='deprecated',
                       random_state=8001, splitter='best')
2020-11-05 11:42:43,384:INFO:create_model() succesfully completed......................................
2020-11-05 11:42:43,448:INFO:SubProcess create_model() end ==================================
2020-11-05 11:42:43,485:INFO:create_model_container: 2
2020-11-05 11:42:43,485:INFO:master_model_container: 2
2020-11-05 11:42:43,485:INFO:display_container: 2
2020-11-05 11:42:43,485:INFO:DecisionTreeClassifier(ccp_alpha=0.0, class_weight=None, criterion='entropy',
                       max_depth=8, max_features=1.0, max_leaf_nodes=None,
                       min_impurity_decrease=0, min_impurity_split=None,
                       min_samples_leaf=6, min_samples_split=7,
                       min_weight_fraction_leaf=0.0, presort='deprecated',
                       random_state=8001, splitter='best')
2020-11-05 11:42:43,485:INFO:tune_model() succesfully completed......................................
2020-11-05 11:42:43,553:INFO:Initializing tune_model()
2020-11-05 11:42:43,553:INFO:tune_model(estimator=DecisionTreeClassifier(ccp_alpha=0.0, class_weight=None, criterion='gini',
                       max_depth=None, max_features=None, max_leaf_nodes=None,
                       min_impurity_decrease=0.0, min_impurity_split=None,
                       min_samples_leaf=1, min_samples_split=2,
                       min_weight_fraction_leaf=0.0, presort='deprecated',
                       random_state=8001, splitter='best'), fold=None, round=4, n_iter=10, custom_grid=None, optimize=Accuracy, custom_scorer=None, search_library=scikit-optimize, search_algorithm=None, early_stopping=False, early_stopping_max_iters=10, choose_better=False, fit_kwargs=None, groups=None, return_tuner=False, verbose=True, tuner_verbose=True, display=None, kwargs={})
2020-11-05 11:42:43,553:INFO:Checking exceptions
2020-11-05 11:44:10,062:INFO:PyCaret Supervised Module
2020-11-05 11:44:10,062:INFO:ML Usecase: classification
2020-11-05 11:44:10,062:INFO:version 2.2.0
2020-11-05 11:44:10,062:INFO:Initializing setup()
2020-11-05 11:44:10,062:INFO:setup(target=CLASS, ml_usecase=classification, available_plots={'parameter': 'Hyperparameters', 'auc': 'AUC', 'confusion_matrix': 'Confusion Matrix', 'threshold': 'Threshold', 'pr': 'Precision Recall', 'error': 'Prediction Error', 'class_report': 'Class Report', 'rfe': 'Feature Selection', 'learning': 'Learning Curve', 'manifold': 'Manifold Learning', 'calibration': 'Calibration Curve', 'vc': 'Validation Curve', 'dimension': 'Dimensions', 'feature': 'Feature Importance', 'feature_all': 'Feature Importance (All)', 'boundary': 'Decision Boundary', 'lift': 'Lift Chart', 'gain': 'Gain Chart', 'tree': 'Decision Tree'}, train_size=0.7, test_data=None, preprocess=True, imputation_type=simple, iterative_imputation_iters=5, categorical_features=None, categorical_imputation=constant, categorical_iterative_imputer=lightgbm, ordinal_features=None, high_cardinality_features=None, high_cardinality_method=frequency, numeric_features=None, numeric_imputation=mean, numeric_iterative_imputer=lightgbm, date_features=None, ignore_features=None, normalize=False, normalize_method=zscore, transformation=False, transformation_method=yeo-johnson, handle_unknown_categorical=True, unknown_categorical_method=least_frequent, pca=False, pca_method=linear, pca_components=None, ignore_low_variance=False, combine_rare_levels=False, rare_level_threshold=0.1, bin_numeric_features=None, remove_outliers=False, outliers_threshold=0.05, remove_multicollinearity=False, multicollinearity_threshold=0.9, remove_perfect_collinearity=True, create_clusters=False, cluster_iter=20, polynomial_features=False, polynomial_degree=2, trigonometry_features=False, polynomial_threshold=0.1, group_features=None, group_names=None, feature_selection=False, feature_selection_threshold=0.8, feature_selection_method=classic, feature_interaction=False, feature_ratio=False, interaction_threshold=0.01, fix_imbalance=False, fix_imbalance_method=None, transform_target=False, transform_target_method=box-cox, data_split_shuffle=True, data_split_stratify=False, fold_strategy=stratifiedkfold, fold=10, fold_shuffle=False, fold_groups=None, n_jobs=-1, use_gpu=True, custom_pipeline=None, html=True, session_id=None, log_experiment=False, experiment_name=None, log_plots=False, log_profile=False, log_data=False, silent=False, verbose=True, profile=False, display=None)
2020-11-05 11:44:10,062:INFO:Checking environment
2020-11-05 11:44:10,062:INFO:python_version: 3.7.5
2020-11-05 11:44:10,062:INFO:python_build: ('tags/v3.7.5:5c02a39a0b', 'Oct 15 2019 00:11:34')
2020-11-05 11:44:10,062:INFO:machine: AMD64
2020-11-05 11:44:10,062:INFO:platform: Windows-10-10.0.19041-SP0
2020-11-05 11:44:10,063:WARNING:cannot find psutil installation. memory not traceable. Install psutil using pip to enable memory logging.
2020-11-05 11:44:10,063:INFO:Checking libraries
2020-11-05 11:44:10,063:INFO:pd==0.25.3
2020-11-05 11:44:10,063:INFO:numpy==1.17.4
2020-11-05 11:44:10,064:INFO:sklearn==0.23.2
2020-11-05 11:44:10,079:INFO:xgboost==1.2.1
2020-11-05 11:44:10,079:INFO:lightgbm==3.0.0
2020-11-05 11:44:10,091:INFO:catboost==0.24.2
2020-11-05 11:44:10,670:INFO:mlflow==1.11.0
2020-11-05 11:44:10,670:INFO:Checking Exceptions
2020-11-05 11:44:10,670:INFO:Declaring global variables
2020-11-05 11:44:10,670:INFO:USI: ba7d
2020-11-05 11:44:10,671:INFO:pycaret_globals: {'iterative_imputation_iters_param', 'X', 'experiment__', 'imputation_classifier', 'display_container', 'X_test', 'y', 'seed', '_available_plots', 'transform_target_method_param', '_all_metrics', '_internal_pipeline', 'prep_pipe', 'imputation_regressor', 'html_param', 'pycaret_globals', 'fold_generator', 'fix_imbalance_param', 'transform_target_param', 'master_model_container', 'fold_shuffle_param', 'stratify_param', 'exp_name_log', 'create_model_container', 'USI', '_gpu_n_jobs_param', '_ml_usecase', 'n_jobs_param', '_all_models', '_all_models_internal', 'fold_groups_param', 'fix_imbalance_method_param', 'fold_param', 'X_train', 'y_train', 'log_plots_param', 'y_test', 'data_before_preprocess', 'target_param', 'gpu_param', 'logging_param'}
2020-11-05 11:44:10,671:INFO:Preparing display monitor
2020-11-05 11:44:10,671:INFO:Preparing display monitor
2020-11-05 11:44:10,685:INFO:Importing libraries
2020-11-05 11:44:10,686:INFO:Copying data for preprocessing
2020-11-05 11:44:10,697:INFO:Declaring preprocessing parameters
2020-11-05 11:44:10,699:WARNING:cuML not found
2020-11-05 11:44:10,699:WARNING:cuML is outdated or not found. Required version is >=0.15, got 0.24.2
2020-11-05 11:44:10,705:INFO:Creating preprocessing pipeline
2020-11-05 11:44:10,838:INFO:Preprocessing pipeline created successfully
2020-11-05 11:44:10,838:ERROR:(Process Exit): setup has been interupted with user command 'quit'. setup must rerun.
2020-11-05 11:44:10,839:INFO:Creating global containers
2020-11-05 11:44:10,840:INFO:Internal pipeline: Pipeline(memory=None, steps=[('empty_step', 'passthrough')], verbose=False)
2020-11-05 11:44:17,665:WARNING:Couldn't import cuml.linear_model.LogisticRegression
2020-11-05 11:44:17,715:WARNING:Couldn't import cuml.neighbors.KNeighborsClassifier
2020-11-05 11:44:17,717:WARNING:Couldn't import cuml.MBSGDClassifier
2020-11-05 11:44:17,719:WARNING:Couldn't import cuml.svm.SVC
2020-11-05 11:44:17,751:WARNING:Couldn't import cuml.linear_model
2020-11-05 11:44:17,757:WARNING:Couldn't import cuml.ensemble
2020-11-05 11:44:17,779:WARNING:Couldn't import cuml.linear_model.LogisticRegression
2020-11-05 11:44:17,833:WARNING:Couldn't import cuml.neighbors.KNeighborsClassifier
2020-11-05 11:44:17,835:WARNING:Couldn't import cuml.MBSGDClassifier
2020-11-05 11:44:17,837:WARNING:Couldn't import cuml.svm.SVC
2020-11-05 11:44:17,864:WARNING:Couldn't import cuml.linear_model
2020-11-05 11:44:17,871:WARNING:Couldn't import cuml.ensemble
2020-11-05 11:44:17,888:INFO:Creating grid variables
2020-11-05 11:44:17,935:INFO:create_model_container: 0
2020-11-05 11:44:17,936:INFO:master_model_container: 0
2020-11-05 11:44:17,936:INFO:display_container: 0
2020-11-05 11:44:17,941:INFO:Pipeline(memory=None,
         steps=[('dtypes',
                 DataTypes_Auto_infer(categorical_features=[],
                                      display_types=True, features_todrop=[],
                                      id_columns=[],
                                      ml_usecase='classification',
                                      numerical_features=[], target='CLASS',
                                      time_features=[])),
                ('imputer',
                 Simple_Imputer(categorical_strategy='not_available',
                                fill_value_categorical=None,
                                fill_value_numerical=None,
                                numeric_strate...
                ('scaling', 'passthrough'), ('P_transform', 'passthrough'),
                ('binn', 'passthrough'), ('rem_outliers', 'passthrough'),
                ('cluster_all', 'passthrough'),
                ('dummy', Dummify(target='CLASS')),
                ('fix_perfect', Remove_100(target='CLASS')),
                ('clean_names', Clean_Colum_Names()),
                ('feature_select', 'passthrough'), ('fix_multi', 'passthrough'),
                ('dfs', 'passthrough'), ('pca', 'passthrough')],
         verbose=False)
2020-11-05 11:44:17,941:INFO:setup() succesfully completed......................................
2020-11-05 11:44:27,589:INFO:gpu_param set to True
2020-11-05 11:44:27,590:WARNING:Couldn't import cuml.linear_model.LogisticRegression
2020-11-05 11:44:27,645:WARNING:Couldn't import cuml.neighbors.KNeighborsClassifier
2020-11-05 11:44:27,646:WARNING:Couldn't import cuml.MBSGDClassifier
2020-11-05 11:44:27,647:WARNING:Couldn't import cuml.svm.SVC
2020-11-05 11:44:27,676:WARNING:Couldn't import cuml.linear_model
2020-11-05 11:44:27,682:WARNING:Couldn't import cuml.ensemble
2020-11-05 11:44:31,038:INFO:Initializing create_model()
2020-11-05 11:44:31,038:INFO:create_model(estimator=dt, fold=None, round=4, cross_validation=True, predict=True, fit_kwargs=None, groups=None, refit=True, verbose=True, system=True, metrics=None, display=None, kwargs={})
2020-11-05 11:44:31,038:INFO:Checking exceptions
2020-11-05 11:44:31,038:INFO:Preparing display monitor
2020-11-05 11:44:31,059:INFO:Importing libraries
2020-11-05 11:44:31,060:INFO:Copying training dataset
2020-11-05 11:44:31,069:INFO:Defining folds
2020-11-05 11:44:31,069:INFO:Declaring metric variables
2020-11-05 11:44:31,080:INFO:Importing untrained model
2020-11-05 11:44:31,090:INFO:Decision Tree Classifier Imported succesfully
2020-11-05 11:44:31,111:INFO:Starting cross validation
2020-11-05 11:44:31,113:INFO:Cross validating with StratifiedKFold(n_splits=10, random_state=4165, shuffle=False), n_jobs=1
2020-11-05 11:44:42,978:INFO:Calculating mean and std
2020-11-05 11:44:42,978:INFO:Creating metrics dataframe
2020-11-05 11:44:42,997:INFO:Finalizing model
2020-11-05 11:44:44,285:INFO:Uploading results into container
2020-11-05 11:44:44,285:INFO:Uploading model into container now
2020-11-05 11:44:44,324:INFO:create_model_container: 1
2020-11-05 11:44:44,324:INFO:master_model_container: 1
2020-11-05 11:44:44,324:INFO:display_container: 1
2020-11-05 11:44:44,325:INFO:DecisionTreeClassifier(ccp_alpha=0.0, class_weight=None, criterion='gini',
                       max_depth=None, max_features=None, max_leaf_nodes=None,
                       min_impurity_decrease=0.0, min_impurity_split=None,
                       min_samples_leaf=1, min_samples_split=2,
                       min_weight_fraction_leaf=0.0, presort='deprecated',
                       random_state=4165, splitter='best')
2020-11-05 11:44:44,325:INFO:create_model() succesfully completed......................................
2020-11-05 11:44:44,394:INFO:Initializing tune_model()
2020-11-05 11:44:44,394:INFO:tune_model(estimator=DecisionTreeClassifier(ccp_alpha=0.0, class_weight=None, criterion='gini',
                       max_depth=None, max_features=None, max_leaf_nodes=None,
                       min_impurity_decrease=0.0, min_impurity_split=None,
                       min_samples_leaf=1, min_samples_split=2,
                       min_weight_fraction_leaf=0.0, presort='deprecated',
                       random_state=4165, splitter='best'), fold=None, round=4, n_iter=10, custom_grid=None, optimize=Accuracy, custom_scorer=None, search_library=scikit-learn, search_algorithm=None, early_stopping=False, early_stopping_max_iters=10, choose_better=False, fit_kwargs=None, groups=None, return_tuner=False, verbose=True, tuner_verbose=True, display=None, kwargs={})
2020-11-05 11:44:44,394:INFO:Checking exceptions
2020-11-05 11:44:44,396:INFO:Preparing display monitor
2020-11-05 11:44:44,414:INFO:Copying training dataset
2020-11-05 11:44:44,423:INFO:Checking base model
2020-11-05 11:44:44,424:INFO:Base model : Decision Tree Classifier
2020-11-05 11:44:44,434:INFO:Declaring metric variables
2020-11-05 11:44:44,456:INFO:Defining Hyperparameters
2020-11-05 11:44:44,523:INFO:Tuning with n_jobs=-1
2020-11-05 11:44:44,524:INFO:Initializing RandomizedSearchCV
2020-11-05 11:44:49,009:INFO:best_params: {'actual_estimator__min_samples_split': 7, 'actual_estimator__min_samples_leaf': 2, 'actual_estimator__min_impurity_decrease': 0.0001, 'actual_estimator__max_features': 1.0, 'actual_estimator__max_depth': 2, 'actual_estimator__criterion': 'entropy'}
2020-11-05 11:44:49,010:INFO:Random search completed
2020-11-05 11:44:49,010:INFO:SubProcess create_model() called ==================================
2020-11-05 11:44:49,011:INFO:Initializing create_model()
2020-11-05 11:44:49,012:INFO:create_model(estimator=DecisionTreeClassifier(ccp_alpha=0.0, class_weight=None, criterion='gini',
                       max_depth=None, max_features=None, max_leaf_nodes=None,
                       min_impurity_decrease=0.0, min_impurity_split=None,
                       min_samples_leaf=1, min_samples_split=2,
                       min_weight_fraction_leaf=0.0, presort='deprecated',
                       random_state=4165, splitter='best'), fold=StratifiedKFold(n_splits=10, random_state=4165, shuffle=False), round=4, cross_validation=True, predict=True, fit_kwargs={}, groups=None, refit=True, verbose=True, system=False, metrics=None, display=<pycaret.internal.Display.Display object at 0x00000259F0474A48>, kwargs={'min_samples_split': 7, 'min_samples_leaf': 2, 'min_impurity_decrease': 0.0001, 'max_features': 1.0, 'max_depth': 2, 'criterion': 'entropy'})
2020-11-05 11:44:49,012:INFO:Checking exceptions
2020-11-05 11:44:49,012:INFO:Importing libraries
2020-11-05 11:44:49,012:INFO:Copying training dataset
2020-11-05 11:44:49,020:INFO:Defining folds
2020-11-05 11:44:49,020:INFO:Declaring metric variables
2020-11-05 11:44:49,029:INFO:Importing untrained model
2020-11-05 11:44:49,029:INFO:Declaring custom model
2020-11-05 11:44:49,039:INFO:Decision Tree Classifier Imported succesfully
2020-11-05 11:44:49,059:INFO:Starting cross validation
2020-11-05 11:44:49,060:INFO:Cross validating with StratifiedKFold(n_splits=10, random_state=4165, shuffle=False), n_jobs=1
2020-11-05 11:44:50,422:INFO:Calculating mean and std
2020-11-05 11:44:50,422:INFO:Creating metrics dataframe
2020-11-05 11:44:50,451:INFO:Finalizing model
2020-11-05 11:44:50,558:INFO:Uploading results into container
2020-11-05 11:44:50,558:INFO:Uploading model into container now
2020-11-05 11:44:50,559:INFO:create_model_container: 2
2020-11-05 11:44:50,559:INFO:master_model_container: 2
2020-11-05 11:44:50,559:INFO:display_container: 2
2020-11-05 11:44:50,559:INFO:DecisionTreeClassifier(ccp_alpha=0.0, class_weight=None, criterion='entropy',
                       max_depth=2, max_features=1.0, max_leaf_nodes=None,
                       min_impurity_decrease=0.0001, min_impurity_split=None,
                       min_samples_leaf=2, min_samples_split=7,
                       min_weight_fraction_leaf=0.0, presort='deprecated',
                       random_state=4165, splitter='best')
2020-11-05 11:44:50,559:INFO:create_model() succesfully completed......................................
2020-11-05 11:44:50,623:INFO:SubProcess create_model() end ==================================
2020-11-05 11:44:50,662:INFO:create_model_container: 2
2020-11-05 11:44:50,662:INFO:master_model_container: 2
2020-11-05 11:44:50,662:INFO:display_container: 2
2020-11-05 11:44:50,663:INFO:DecisionTreeClassifier(ccp_alpha=0.0, class_weight=None, criterion='entropy',
                       max_depth=2, max_features=1.0, max_leaf_nodes=None,
                       min_impurity_decrease=0.0001, min_impurity_split=None,
                       min_samples_leaf=2, min_samples_split=7,
                       min_weight_fraction_leaf=0.0, presort='deprecated',
                       random_state=4165, splitter='best')
2020-11-05 11:44:50,663:INFO:tune_model() succesfully completed......................................
2020-11-05 11:44:50,730:INFO:Initializing tune_model()
2020-11-05 11:44:50,730:INFO:tune_model(estimator=DecisionTreeClassifier(ccp_alpha=0.0, class_weight=None, criterion='gini',
                       max_depth=None, max_features=None, max_leaf_nodes=None,
                       min_impurity_decrease=0.0, min_impurity_split=None,
                       min_samples_leaf=1, min_samples_split=2,
                       min_weight_fraction_leaf=0.0, presort='deprecated',
                       random_state=4165, splitter='best'), fold=None, round=4, n_iter=10, custom_grid=None, optimize=Accuracy, custom_scorer=None, search_library=scikit-optimize, search_algorithm=None, early_stopping=False, early_stopping_max_iters=10, choose_better=False, fit_kwargs=None, groups=None, return_tuner=False, verbose=True, tuner_verbose=True, display=None, kwargs={})
2020-11-05 11:44:50,730:INFO:Checking exceptions
2020-11-05 11:44:50,747:INFO:Preparing display monitor
2020-11-05 11:44:50,766:INFO:Copying training dataset
2020-11-05 11:44:50,774:INFO:Checking base model
2020-11-05 11:44:50,775:INFO:Base model : Decision Tree Classifier
2020-11-05 11:44:50,786:INFO:Declaring metric variables
2020-11-05 11:44:50,794:INFO:Defining Hyperparameters
2020-11-05 11:44:50,863:INFO:Tuning with n_jobs=-1
2020-11-05 11:44:50,867:INFO:Initializing skopt.BayesSearchCV
2020-11-05 11:45:05,120:INFO:best_params: OrderedDict([('actual_estimator__criterion', 'gini'), ('actual_estimator__max_depth', 16), ('actual_estimator__max_features', 0.9626474139869143), ('actual_estimator__min_impurity_decrease', 1.8019150710875177e-07), ('actual_estimator__min_samples_leaf', 2), ('actual_estimator__min_samples_split', 5)])
2020-11-05 11:45:05,121:INFO:Random search completed
2020-11-05 11:45:05,121:INFO:SubProcess create_model() called ==================================
2020-11-05 11:45:05,121:INFO:Initializing create_model()
2020-11-05 11:45:05,122:INFO:create_model(estimator=DecisionTreeClassifier(ccp_alpha=0.0, class_weight=None, criterion='gini',
                       max_depth=None, max_features=None, max_leaf_nodes=None,
                       min_impurity_decrease=0.0, min_impurity_split=None,
                       min_samples_leaf=1, min_samples_split=2,
                       min_weight_fraction_leaf=0.0, presort='deprecated',
                       random_state=4165, splitter='best'), fold=StratifiedKFold(n_splits=10, random_state=4165, shuffle=False), round=4, cross_validation=True, predict=True, fit_kwargs={}, groups=None, refit=True, verbose=True, system=False, metrics=None, display=<pycaret.internal.Display.Display object at 0x00000259FD0108C8>, kwargs={'criterion': 'gini', 'max_depth': 16, 'max_features': 0.9626474139869143, 'min_impurity_decrease': 1.8019150710875177e-07, 'min_samples_leaf': 2, 'min_samples_split': 5})
2020-11-05 11:45:05,122:INFO:Checking exceptions
2020-11-05 11:45:05,122:INFO:Importing libraries
2020-11-05 11:45:05,122:INFO:Copying training dataset
2020-11-05 11:45:05,128:INFO:Defining folds
2020-11-05 11:45:05,129:INFO:Declaring metric variables
2020-11-05 11:45:05,136:INFO:Importing untrained model
2020-11-05 11:45:05,136:INFO:Declaring custom model
2020-11-05 11:45:05,145:INFO:Decision Tree Classifier Imported succesfully
2020-11-05 11:45:05,163:INFO:Starting cross validation
2020-11-05 11:45:05,163:INFO:Cross validating with StratifiedKFold(n_splits=10, random_state=4165, shuffle=False), n_jobs=1
2020-11-05 11:45:12,437:INFO:Calculating mean and std
2020-11-05 11:45:12,439:INFO:Creating metrics dataframe
2020-11-05 11:45:12,449:INFO:Finalizing model
2020-11-05 11:45:13,218:INFO:Uploading results into container
2020-11-05 11:45:13,219:INFO:Uploading model into container now
2020-11-05 11:45:13,219:INFO:create_model_container: 3
2020-11-05 11:45:13,219:INFO:master_model_container: 3
2020-11-05 11:45:13,219:INFO:display_container: 3
2020-11-05 11:45:13,219:INFO:DecisionTreeClassifier(ccp_alpha=0.0, class_weight=None, criterion='gini',
                       max_depth=16, max_features=0.9626474139869143,
                       max_leaf_nodes=None,
                       min_impurity_decrease=1.8019150710875177e-07,
                       min_impurity_split=None, min_samples_leaf=2,
                       min_samples_split=5, min_weight_fraction_leaf=0.0,
                       presort='deprecated', random_state=4165,
                       splitter='best')
2020-11-05 11:45:13,219:INFO:create_model() succesfully completed......................................
2020-11-05 11:45:13,283:INFO:SubProcess create_model() end ==================================
2020-11-05 11:45:13,321:INFO:create_model_container: 3
2020-11-05 11:45:13,321:INFO:master_model_container: 3
2020-11-05 11:45:13,321:INFO:display_container: 3
2020-11-05 11:45:13,322:INFO:DecisionTreeClassifier(ccp_alpha=0.0, class_weight=None, criterion='gini',
                       max_depth=16, max_features=0.9626474139869143,
                       max_leaf_nodes=None,
                       min_impurity_decrease=1.8019150710875177e-07,
                       min_impurity_split=None, min_samples_leaf=2,
                       min_samples_split=5, min_weight_fraction_leaf=0.0,
                       presort='deprecated', random_state=4165,
                       splitter='best')
2020-11-05 11:45:13,322:INFO:tune_model() succesfully completed......................................
2020-11-05 11:45:13,388:INFO:Initializing tune_model()
2020-11-05 11:45:13,388:INFO:tune_model(estimator=DecisionTreeClassifier(ccp_alpha=0.0, class_weight=None, criterion='gini',
                       max_depth=None, max_features=None, max_leaf_nodes=None,
                       min_impurity_decrease=0.0, min_impurity_split=None,
                       min_samples_leaf=1, min_samples_split=2,
                       min_weight_fraction_leaf=0.0, presort='deprecated',
                       random_state=4165, splitter='best'), fold=None, round=4, n_iter=10, custom_grid=None, optimize=Accuracy, custom_scorer=None, search_library=optuna, search_algorithm=None, early_stopping=False, early_stopping_max_iters=10, choose_better=False, fit_kwargs=None, groups=None, return_tuner=False, verbose=True, tuner_verbose=True, display=None, kwargs={})
2020-11-05 11:45:13,388:INFO:Checking exceptions
2020-11-05 11:46:49,695:INFO:PyCaret Supervised Module
2020-11-05 11:46:49,695:INFO:ML Usecase: classification
2020-11-05 11:46:49,695:INFO:version 2.2.0
2020-11-05 11:46:49,695:INFO:Initializing setup()
2020-11-05 11:46:49,695:INFO:setup(target=CLASS, ml_usecase=classification, available_plots={'parameter': 'Hyperparameters', 'auc': 'AUC', 'confusion_matrix': 'Confusion Matrix', 'threshold': 'Threshold', 'pr': 'Precision Recall', 'error': 'Prediction Error', 'class_report': 'Class Report', 'rfe': 'Feature Selection', 'learning': 'Learning Curve', 'manifold': 'Manifold Learning', 'calibration': 'Calibration Curve', 'vc': 'Validation Curve', 'dimension': 'Dimensions', 'feature': 'Feature Importance', 'feature_all': 'Feature Importance (All)', 'boundary': 'Decision Boundary', 'lift': 'Lift Chart', 'gain': 'Gain Chart', 'tree': 'Decision Tree'}, train_size=0.7, test_data=None, preprocess=True, imputation_type=simple, iterative_imputation_iters=5, categorical_features=None, categorical_imputation=constant, categorical_iterative_imputer=lightgbm, ordinal_features=None, high_cardinality_features=None, high_cardinality_method=frequency, numeric_features=None, numeric_imputation=mean, numeric_iterative_imputer=lightgbm, date_features=None, ignore_features=None, normalize=False, normalize_method=zscore, transformation=False, transformation_method=yeo-johnson, handle_unknown_categorical=True, unknown_categorical_method=least_frequent, pca=False, pca_method=linear, pca_components=None, ignore_low_variance=False, combine_rare_levels=False, rare_level_threshold=0.1, bin_numeric_features=None, remove_outliers=False, outliers_threshold=0.05, remove_multicollinearity=False, multicollinearity_threshold=0.9, remove_perfect_collinearity=True, create_clusters=False, cluster_iter=20, polynomial_features=False, polynomial_degree=2, trigonometry_features=False, polynomial_threshold=0.1, group_features=None, group_names=None, feature_selection=False, feature_selection_threshold=0.8, feature_selection_method=classic, feature_interaction=False, feature_ratio=False, interaction_threshold=0.01, fix_imbalance=False, fix_imbalance_method=None, transform_target=False, transform_target_method=box-cox, data_split_shuffle=True, data_split_stratify=False, fold_strategy=stratifiedkfold, fold=10, fold_shuffle=False, fold_groups=None, n_jobs=-1, use_gpu=True, custom_pipeline=None, html=True, session_id=None, log_experiment=False, experiment_name=None, log_plots=False, log_profile=False, log_data=False, silent=False, verbose=True, profile=False, display=None)
2020-11-05 11:46:49,695:INFO:Checking environment
2020-11-05 11:46:49,695:INFO:python_version: 3.7.5
2020-11-05 11:46:49,695:INFO:python_build: ('tags/v3.7.5:5c02a39a0b', 'Oct 15 2019 00:11:34')
2020-11-05 11:46:49,695:INFO:machine: AMD64
2020-11-05 11:46:49,695:INFO:platform: Windows-10-10.0.19041-SP0
2020-11-05 11:46:49,696:WARNING:cannot find psutil installation. memory not traceable. Install psutil using pip to enable memory logging.
2020-11-05 11:46:49,696:INFO:Checking libraries
2020-11-05 11:46:49,696:INFO:pd==0.25.3
2020-11-05 11:46:49,696:INFO:numpy==1.17.4
2020-11-05 11:46:49,696:INFO:sklearn==0.23.2
2020-11-05 11:46:49,711:INFO:xgboost==1.2.1
2020-11-05 11:46:49,711:INFO:lightgbm==3.0.0
2020-11-05 11:46:49,723:INFO:catboost==0.24.2
2020-11-05 11:46:50,345:INFO:mlflow==1.11.0
2020-11-05 11:46:50,345:INFO:Checking Exceptions
2020-11-05 11:46:50,345:INFO:Declaring global variables
2020-11-05 11:46:50,345:INFO:USI: 98e5
2020-11-05 11:46:50,345:INFO:pycaret_globals: {'X', 'y_test', 'X_test', 'pycaret_globals', 'fix_imbalance_method_param', 'prep_pipe', 'html_param', 'imputation_regressor', 'logging_param', '_internal_pipeline', '_all_metrics', 'fold_param', 'n_jobs_param', '_all_models_internal', 'data_before_preprocess', 'target_param', 'fold_generator', 'fix_imbalance_param', '_gpu_n_jobs_param', 'iterative_imputation_iters_param', '_available_plots', 'stratify_param', 'log_plots_param', '_ml_usecase', 'exp_name_log', 'fold_groups_param', 'y_train', 'master_model_container', 'USI', 'seed', 'gpu_param', 'transform_target_param', 'transform_target_method_param', 'experiment__', 'create_model_container', '_all_models', 'fold_shuffle_param', 'imputation_classifier', 'X_train', 'display_container', 'y'}
2020-11-05 11:46:50,345:INFO:Preparing display monitor
2020-11-05 11:46:50,346:INFO:Preparing display monitor
2020-11-05 11:46:50,357:INFO:Importing libraries
2020-11-05 11:46:50,357:INFO:Copying data for preprocessing
2020-11-05 11:46:50,368:INFO:Declaring preprocessing parameters
2020-11-05 11:46:50,371:WARNING:cuML not found
2020-11-05 11:46:50,371:WARNING:cuML is outdated or not found. Required version is >=0.15, got 0.24.2
2020-11-05 11:46:50,376:INFO:Creating preprocessing pipeline
2020-11-05 11:46:50,513:INFO:Preprocessing pipeline created successfully
2020-11-05 11:46:50,514:ERROR:(Process Exit): setup has been interupted with user command 'quit'. setup must rerun.
2020-11-05 11:46:50,514:INFO:Creating global containers
2020-11-05 11:46:50,515:INFO:Internal pipeline: Pipeline(memory=None, steps=[('empty_step', 'passthrough')], verbose=False)
2020-11-05 11:46:57,035:WARNING:Couldn't import cuml.linear_model.LogisticRegression
2020-11-05 11:46:57,098:WARNING:Couldn't import cuml.neighbors.KNeighborsClassifier
2020-11-05 11:46:57,098:WARNING:Couldn't import cuml.MBSGDClassifier
2020-11-05 11:46:57,098:WARNING:Couldn't import cuml.svm.SVC
2020-11-05 11:46:57,129:WARNING:Couldn't import cuml.linear_model
2020-11-05 11:46:57,129:WARNING:Couldn't import cuml.ensemble
2020-11-05 11:46:57,160:WARNING:Couldn't import cuml.linear_model.LogisticRegression
2020-11-05 11:46:57,207:WARNING:Couldn't import cuml.neighbors.KNeighborsClassifier
2020-11-05 11:46:57,207:WARNING:Couldn't import cuml.MBSGDClassifier
2020-11-05 11:46:57,207:WARNING:Couldn't import cuml.svm.SVC
2020-11-05 11:46:57,239:WARNING:Couldn't import cuml.linear_model
2020-11-05 11:46:57,239:WARNING:Couldn't import cuml.ensemble
2020-11-05 11:46:57,254:INFO:Creating grid variables
2020-11-05 11:46:57,315:INFO:create_model_container: 0
2020-11-05 11:46:57,315:INFO:master_model_container: 0
2020-11-05 11:46:57,315:INFO:display_container: 0
2020-11-05 11:46:57,320:INFO:Pipeline(memory=None,
         steps=[('dtypes',
                 DataTypes_Auto_infer(categorical_features=[],
                                      display_types=True, features_todrop=[],
                                      id_columns=[],
                                      ml_usecase='classification',
                                      numerical_features=[], target='CLASS',
                                      time_features=[])),
                ('imputer',
                 Simple_Imputer(categorical_strategy='not_available',
                                fill_value_categorical=None,
                                fill_value_numerical=None,
                                numeric_strate...
                ('scaling', 'passthrough'), ('P_transform', 'passthrough'),
                ('binn', 'passthrough'), ('rem_outliers', 'passthrough'),
                ('cluster_all', 'passthrough'),
                ('dummy', Dummify(target='CLASS')),
                ('fix_perfect', Remove_100(target='CLASS')),
                ('clean_names', Clean_Colum_Names()),
                ('feature_select', 'passthrough'), ('fix_multi', 'passthrough'),
                ('dfs', 'passthrough'), ('pca', 'passthrough')],
         verbose=False)
2020-11-05 11:46:57,321:INFO:setup() succesfully completed......................................
2020-11-05 11:47:01,261:INFO:gpu_param set to True
2020-11-05 11:47:01,262:WARNING:Couldn't import cuml.linear_model.LogisticRegression
2020-11-05 11:47:01,318:WARNING:Couldn't import cuml.neighbors.KNeighborsClassifier
2020-11-05 11:47:01,319:WARNING:Couldn't import cuml.MBSGDClassifier
2020-11-05 11:47:01,321:WARNING:Couldn't import cuml.svm.SVC
2020-11-05 11:47:01,349:WARNING:Couldn't import cuml.linear_model
2020-11-05 11:47:01,356:WARNING:Couldn't import cuml.ensemble
2020-11-05 11:47:18,422:INFO:Initializing create_model()
2020-11-05 11:47:18,422:INFO:create_model(estimator=dt, fold=None, round=4, cross_validation=True, predict=True, fit_kwargs=None, groups=None, refit=True, verbose=True, system=True, metrics=None, display=None, kwargs={})
2020-11-05 11:47:18,422:INFO:Checking exceptions
2020-11-05 11:47:18,423:INFO:Preparing display monitor
2020-11-05 11:47:18,443:INFO:Importing libraries
2020-11-05 11:47:18,444:INFO:Copying training dataset
2020-11-05 11:47:18,451:INFO:Defining folds
2020-11-05 11:47:18,452:INFO:Declaring metric variables
2020-11-05 11:47:18,462:INFO:Importing untrained model
2020-11-05 11:47:18,472:INFO:Decision Tree Classifier Imported succesfully
2020-11-05 11:47:18,491:INFO:Starting cross validation
2020-11-05 11:47:18,492:INFO:Cross validating with StratifiedKFold(n_splits=10, random_state=390, shuffle=False), n_jobs=1
2020-11-05 11:47:30,240:INFO:Calculating mean and std
2020-11-05 11:47:30,242:INFO:Creating metrics dataframe
2020-11-05 11:47:30,253:INFO:Finalizing model
2020-11-05 11:47:31,522:INFO:Uploading results into container
2020-11-05 11:47:31,522:INFO:Uploading model into container now
2020-11-05 11:47:31,561:INFO:create_model_container: 1
2020-11-05 11:47:31,561:INFO:master_model_container: 1
2020-11-05 11:47:31,561:INFO:display_container: 1
2020-11-05 11:47:31,562:INFO:DecisionTreeClassifier(ccp_alpha=0.0, class_weight=None, criterion='gini',
                       max_depth=None, max_features=None, max_leaf_nodes=None,
                       min_impurity_decrease=0.0, min_impurity_split=None,
                       min_samples_leaf=1, min_samples_split=2,
                       min_weight_fraction_leaf=0.0, presort='deprecated',
                       random_state=390, splitter='best')
2020-11-05 11:47:31,562:INFO:create_model() succesfully completed......................................
2020-11-05 11:47:31,631:INFO:Initializing tune_model()
2020-11-05 11:47:31,631:INFO:tune_model(estimator=DecisionTreeClassifier(ccp_alpha=0.0, class_weight=None, criterion='gini',
                       max_depth=None, max_features=None, max_leaf_nodes=None,
                       min_impurity_decrease=0.0, min_impurity_split=None,
                       min_samples_leaf=1, min_samples_split=2,
                       min_weight_fraction_leaf=0.0, presort='deprecated',
                       random_state=390, splitter='best'), fold=None, round=4, n_iter=10, custom_grid=None, optimize=Accuracy, custom_scorer=None, search_library=scikit-learn, search_algorithm=None, early_stopping=False, early_stopping_max_iters=10, choose_better=False, fit_kwargs=None, groups=None, return_tuner=False, verbose=True, tuner_verbose=True, display=None, kwargs={})
2020-11-05 11:47:31,631:INFO:Checking exceptions
2020-11-05 11:47:31,633:INFO:Preparing display monitor
2020-11-05 11:47:31,651:INFO:Copying training dataset
2020-11-05 11:47:31,660:INFO:Checking base model
2020-11-05 11:47:31,661:INFO:Base model : Decision Tree Classifier
2020-11-05 11:47:31,671:INFO:Declaring metric variables
2020-11-05 11:47:31,679:INFO:Defining Hyperparameters
2020-11-05 11:47:31,749:INFO:Tuning with n_jobs=-1
2020-11-05 11:47:31,749:INFO:Initializing RandomizedSearchCV
2020-11-05 11:47:36,394:INFO:best_params: {'actual_estimator__min_samples_split': 9, 'actual_estimator__min_samples_leaf': 2, 'actual_estimator__min_impurity_decrease': 0.0001, 'actual_estimator__max_features': 'log2', 'actual_estimator__max_depth': 8, 'actual_estimator__criterion': 'entropy'}
2020-11-05 11:47:36,396:INFO:Random search completed
2020-11-05 11:47:36,397:INFO:SubProcess create_model() called ==================================
2020-11-05 11:47:36,399:INFO:Initializing create_model()
2020-11-05 11:47:36,399:INFO:create_model(estimator=DecisionTreeClassifier(ccp_alpha=0.0, class_weight=None, criterion='gini',
                       max_depth=None, max_features=None, max_leaf_nodes=None,
                       min_impurity_decrease=0.0, min_impurity_split=None,
                       min_samples_leaf=1, min_samples_split=2,
                       min_weight_fraction_leaf=0.0, presort='deprecated',
                       random_state=390, splitter='best'), fold=StratifiedKFold(n_splits=10, random_state=390, shuffle=False), round=4, cross_validation=True, predict=True, fit_kwargs={}, groups=None, refit=True, verbose=True, system=False, metrics=None, display=<pycaret.internal.Display.Display object at 0x0000024EE17E4608>, kwargs={'min_samples_split': 9, 'min_samples_leaf': 2, 'min_impurity_decrease': 0.0001, 'max_features': 'log2', 'max_depth': 8, 'criterion': 'entropy'})
2020-11-05 11:47:36,400:INFO:Checking exceptions
2020-11-05 11:47:36,400:INFO:Importing libraries
2020-11-05 11:47:36,400:INFO:Copying training dataset
2020-11-05 11:47:36,422:INFO:Defining folds
2020-11-05 11:47:36,423:INFO:Declaring metric variables
2020-11-05 11:47:36,447:INFO:Importing untrained model
2020-11-05 11:47:36,447:INFO:Declaring custom model
2020-11-05 11:47:36,465:INFO:Decision Tree Classifier Imported succesfully
2020-11-05 11:47:36,491:INFO:Starting cross validation
2020-11-05 11:47:36,493:INFO:Cross validating with StratifiedKFold(n_splits=10, random_state=390, shuffle=False), n_jobs=1
2020-11-05 11:47:37,275:INFO:Calculating mean and std
2020-11-05 11:47:37,275:INFO:Creating metrics dataframe
2020-11-05 11:47:37,300:INFO:Finalizing model
2020-11-05 11:47:37,323:INFO:Uploading results into container
2020-11-05 11:47:37,323:INFO:Uploading model into container now
2020-11-05 11:47:37,324:INFO:create_model_container: 2
2020-11-05 11:47:37,324:INFO:master_model_container: 2
2020-11-05 11:47:37,324:INFO:display_container: 2
2020-11-05 11:47:37,324:INFO:DecisionTreeClassifier(ccp_alpha=0.0, class_weight=None, criterion='entropy',
                       max_depth=8, max_features='log2', max_leaf_nodes=None,
                       min_impurity_decrease=0.0001, min_impurity_split=None,
                       min_samples_leaf=2, min_samples_split=9,
                       min_weight_fraction_leaf=0.0, presort='deprecated',
                       random_state=390, splitter='best')
2020-11-05 11:47:37,324:INFO:create_model() succesfully completed......................................
2020-11-05 11:47:37,378:INFO:SubProcess create_model() end ==================================
2020-11-05 11:47:37,425:INFO:create_model_container: 2
2020-11-05 11:47:37,425:INFO:master_model_container: 2
2020-11-05 11:47:37,425:INFO:display_container: 2
2020-11-05 11:47:37,427:INFO:DecisionTreeClassifier(ccp_alpha=0.0, class_weight=None, criterion='entropy',
                       max_depth=8, max_features='log2', max_leaf_nodes=None,
                       min_impurity_decrease=0.0001, min_impurity_split=None,
                       min_samples_leaf=2, min_samples_split=9,
                       min_weight_fraction_leaf=0.0, presort='deprecated',
                       random_state=390, splitter='best')
2020-11-05 11:47:37,427:INFO:tune_model() succesfully completed......................................
2020-11-05 11:47:37,494:INFO:Initializing tune_model()
2020-11-05 11:47:37,494:INFO:tune_model(estimator=DecisionTreeClassifier(ccp_alpha=0.0, class_weight=None, criterion='gini',
                       max_depth=None, max_features=None, max_leaf_nodes=None,
                       min_impurity_decrease=0.0, min_impurity_split=None,
                       min_samples_leaf=1, min_samples_split=2,
                       min_weight_fraction_leaf=0.0, presort='deprecated',
                       random_state=390, splitter='best'), fold=None, round=4, n_iter=10, custom_grid=None, optimize=Accuracy, custom_scorer=None, search_library=scikit-optimize, search_algorithm=None, early_stopping=False, early_stopping_max_iters=10, choose_better=False, fit_kwargs=None, groups=None, return_tuner=False, verbose=True, tuner_verbose=True, display=None, kwargs={})
2020-11-05 11:47:37,494:INFO:Checking exceptions
2020-11-05 11:47:37,512:INFO:Preparing display monitor
2020-11-05 11:47:37,531:INFO:Copying training dataset
2020-11-05 11:47:37,539:INFO:Checking base model
2020-11-05 11:47:37,539:INFO:Base model : Decision Tree Classifier
2020-11-05 11:47:37,549:INFO:Declaring metric variables
2020-11-05 11:47:37,565:INFO:Defining Hyperparameters
2020-11-05 11:47:37,636:INFO:Tuning with n_jobs=-1
2020-11-05 11:47:37,640:INFO:Initializing skopt.BayesSearchCV
2020-11-05 11:47:47,459:INFO:best_params: OrderedDict([('actual_estimator__criterion', 'gini'), ('actual_estimator__max_depth', 14), ('actual_estimator__max_features', 0.6444861498677295), ('actual_estimator__min_impurity_decrease', 6.055602751841618e-06), ('actual_estimator__min_samples_leaf', 5), ('actual_estimator__min_samples_split', 3)])
2020-11-05 11:47:47,460:INFO:Random search completed
2020-11-05 11:47:47,460:INFO:SubProcess create_model() called ==================================
2020-11-05 11:47:47,460:INFO:Initializing create_model()
2020-11-05 11:47:47,461:INFO:create_model(estimator=DecisionTreeClassifier(ccp_alpha=0.0, class_weight=None, criterion='gini',
                       max_depth=None, max_features=None, max_leaf_nodes=None,
                       min_impurity_decrease=0.0, min_impurity_split=None,
                       min_samples_leaf=1, min_samples_split=2,
                       min_weight_fraction_leaf=0.0, presort='deprecated',
                       random_state=390, splitter='best'), fold=StratifiedKFold(n_splits=10, random_state=390, shuffle=False), round=4, cross_validation=True, predict=True, fit_kwargs={}, groups=None, refit=True, verbose=True, system=False, metrics=None, display=<pycaret.internal.Display.Display object at 0x0000024EE62DB808>, kwargs={'criterion': 'gini', 'max_depth': 14, 'max_features': 0.6444861498677295, 'min_impurity_decrease': 6.055602751841618e-06, 'min_samples_leaf': 5, 'min_samples_split': 3})
2020-11-05 11:47:47,461:INFO:Checking exceptions
2020-11-05 11:47:47,461:INFO:Importing libraries
2020-11-05 11:47:47,461:INFO:Copying training dataset
2020-11-05 11:47:47,468:INFO:Defining folds
2020-11-05 11:47:47,469:INFO:Declaring metric variables
2020-11-05 11:47:47,476:INFO:Importing untrained model
2020-11-05 11:47:47,476:INFO:Declaring custom model
2020-11-05 11:47:47,485:INFO:Decision Tree Classifier Imported succesfully
2020-11-05 11:47:47,505:INFO:Starting cross validation
2020-11-05 11:47:47,506:INFO:Cross validating with StratifiedKFold(n_splits=10, random_state=390, shuffle=False), n_jobs=1
2020-11-05 11:47:51,847:INFO:Calculating mean and std
2020-11-05 11:47:51,848:INFO:Creating metrics dataframe
2020-11-05 11:47:51,863:INFO:Finalizing model
2020-11-05 11:47:52,319:INFO:Uploading results into container
2020-11-05 11:47:52,319:INFO:Uploading model into container now
2020-11-05 11:47:52,319:INFO:create_model_container: 3
2020-11-05 11:47:52,319:INFO:master_model_container: 3
2020-11-05 11:47:52,319:INFO:display_container: 3
2020-11-05 11:47:52,319:INFO:DecisionTreeClassifier(ccp_alpha=0.0, class_weight=None, criterion='gini',
                       max_depth=14, max_features=0.6444861498677295,
                       max_leaf_nodes=None,
                       min_impurity_decrease=6.055602751841618e-06,
                       min_impurity_split=None, min_samples_leaf=5,
                       min_samples_split=3, min_weight_fraction_leaf=0.0,
                       presort='deprecated', random_state=390, splitter='best')
2020-11-05 11:47:52,319:INFO:create_model() succesfully completed......................................
2020-11-05 11:47:52,389:INFO:SubProcess create_model() end ==================================
2020-11-05 11:47:52,427:INFO:create_model_container: 3
2020-11-05 11:47:52,427:INFO:master_model_container: 3
2020-11-05 11:47:52,427:INFO:display_container: 3
2020-11-05 11:47:52,428:INFO:DecisionTreeClassifier(ccp_alpha=0.0, class_weight=None, criterion='gini',
                       max_depth=14, max_features=0.6444861498677295,
                       max_leaf_nodes=None,
                       min_impurity_decrease=6.055602751841618e-06,
                       min_impurity_split=None, min_samples_leaf=5,
                       min_samples_split=3, min_weight_fraction_leaf=0.0,
                       presort='deprecated', random_state=390, splitter='best')
2020-11-05 11:47:52,428:INFO:tune_model() succesfully completed......................................
2020-11-05 11:47:52,495:INFO:Initializing tune_model()
2020-11-05 11:47:52,495:INFO:tune_model(estimator=DecisionTreeClassifier(ccp_alpha=0.0, class_weight=None, criterion='gini',
                       max_depth=None, max_features=None, max_leaf_nodes=None,
                       min_impurity_decrease=0.0, min_impurity_split=None,
                       min_samples_leaf=1, min_samples_split=2,
                       min_weight_fraction_leaf=0.0, presort='deprecated',
                       random_state=390, splitter='best'), fold=None, round=4, n_iter=10, custom_grid=None, optimize=Accuracy, custom_scorer=None, search_library=optuna, search_algorithm=None, early_stopping=False, early_stopping_max_iters=10, choose_better=False, fit_kwargs=None, groups=None, return_tuner=False, verbose=True, tuner_verbose=True, display=None, kwargs={})
2020-11-05 11:47:52,495:INFO:Checking exceptions
2020-11-05 11:47:52,798:INFO:Preparing display monitor
2020-11-05 11:47:52,816:INFO:Copying training dataset
2020-11-05 11:47:52,826:INFO:Checking base model
2020-11-05 11:47:52,826:INFO:Base model : Decision Tree Classifier
2020-11-05 11:47:52,835:INFO:Declaring metric variables
2020-11-05 11:47:52,843:INFO:Defining Hyperparameters
2020-11-05 11:47:52,918:INFO:Tuning with n_jobs=-1
2020-11-05 11:47:52,919:INFO:Initializing optuna.integration.OptunaSearchCV
2020-11-05 11:48:00,079:INFO:best_params: {'actual_estimator__max_depth': 16, 'actual_estimator__max_features': 0.5930014770121232, 'actual_estimator__min_samples_leaf': 5, 'actual_estimator__min_samples_split': 4, 'actual_estimator__min_impurity_decrease': 2.5354686165901058e-08, 'actual_estimator__criterion': 'gini'}
2020-11-05 11:48:00,080:WARNING:Couldn't get cv_results from model_grid. Exception:
2020-11-05 11:48:00,086:WARNING:Traceback (most recent call last):
  File "c:\users\arvind\appdata\local\programs\python\python37\lib\site-packages\pycaret\internal\tabular.py", line 4438, in tune_model_supervised
    cv_results = model_grid.cv_results_
AttributeError: 'OptunaSearchCV' object has no attribute 'cv_results_'

2020-11-05 11:48:00,088:INFO:Random search completed
2020-11-05 11:48:00,088:INFO:SubProcess create_model() called ==================================
2020-11-05 11:48:00,091:INFO:Initializing create_model()
2020-11-05 11:48:00,092:INFO:create_model(estimator=DecisionTreeClassifier(ccp_alpha=0.0, class_weight=None, criterion='gini',
                       max_depth=None, max_features=None, max_leaf_nodes=None,
                       min_impurity_decrease=0.0, min_impurity_split=None,
                       min_samples_leaf=1, min_samples_split=2,
                       min_weight_fraction_leaf=0.0, presort='deprecated',
                       random_state=390, splitter='best'), fold=StratifiedKFold(n_splits=10, random_state=390, shuffle=False), round=4, cross_validation=True, predict=True, fit_kwargs={}, groups=None, refit=True, verbose=True, system=False, metrics=None, display=<pycaret.internal.Display.Display object at 0x0000024EE3F06948>, kwargs={'max_depth': 16, 'max_features': 0.5930014770121232, 'min_samples_leaf': 5, 'min_samples_split': 4, 'min_impurity_decrease': 2.5354686165901058e-08, 'criterion': 'gini'})
2020-11-05 11:48:00,092:INFO:Checking exceptions
2020-11-05 11:48:00,092:INFO:Importing libraries
2020-11-05 11:48:00,092:INFO:Copying training dataset
2020-11-05 11:48:00,108:INFO:Defining folds
2020-11-05 11:48:00,108:INFO:Declaring metric variables
2020-11-05 11:48:00,119:INFO:Importing untrained model
2020-11-05 11:48:00,119:INFO:Declaring custom model
2020-11-05 11:48:00,124:INFO:Decision Tree Classifier Imported succesfully
2020-11-05 11:48:00,153:INFO:Starting cross validation
2020-11-05 11:48:00,154:INFO:Cross validating with StratifiedKFold(n_splits=10, random_state=390, shuffle=False), n_jobs=1
2020-11-05 11:48:04,718:INFO:Calculating mean and std
2020-11-05 11:48:04,719:INFO:Creating metrics dataframe
2020-11-05 11:48:04,731:INFO:Finalizing model
2020-11-05 11:48:05,192:INFO:Uploading results into container
2020-11-05 11:48:05,192:INFO:Uploading model into container now
2020-11-05 11:48:05,192:INFO:create_model_container: 4
2020-11-05 11:48:05,192:INFO:master_model_container: 4
2020-11-05 11:48:05,192:INFO:display_container: 4
2020-11-05 11:48:05,193:INFO:DecisionTreeClassifier(ccp_alpha=0.0, class_weight=None, criterion='gini',
                       max_depth=16, max_features=0.5930014770121232,
                       max_leaf_nodes=None,
                       min_impurity_decrease=2.5354686165901058e-08,
                       min_impurity_split=None, min_samples_leaf=5,
                       min_samples_split=4, min_weight_fraction_leaf=0.0,
                       presort='deprecated', random_state=390, splitter='best')
2020-11-05 11:48:05,193:INFO:create_model() succesfully completed......................................
2020-11-05 11:48:05,266:INFO:SubProcess create_model() end ==================================
2020-11-05 11:48:05,304:INFO:create_model_container: 4
2020-11-05 11:48:05,304:INFO:master_model_container: 4
2020-11-05 11:48:05,305:INFO:display_container: 4
2020-11-05 11:48:05,305:INFO:DecisionTreeClassifier(ccp_alpha=0.0, class_weight=None, criterion='gini',
                       max_depth=16, max_features=0.5930014770121232,
                       max_leaf_nodes=None,
                       min_impurity_decrease=2.5354686165901058e-08,
                       min_impurity_split=None, min_samples_leaf=5,
                       min_samples_split=4, min_weight_fraction_leaf=0.0,
                       presort='deprecated', random_state=390, splitter='best')
2020-11-05 11:48:05,305:INFO:tune_model() succesfully completed......................................
2020-11-05 11:48:05,380:INFO:Initializing tune_model()
2020-11-05 11:48:05,380:INFO:tune_model(estimator=DecisionTreeClassifier(ccp_alpha=0.0, class_weight=None, criterion='gini',
                       max_depth=None, max_features=None, max_leaf_nodes=None,
                       min_impurity_decrease=0.0, min_impurity_split=None,
                       min_samples_leaf=1, min_samples_split=2,
                       min_weight_fraction_leaf=0.0, presort='deprecated',
                       random_state=390, splitter='best'), fold=None, round=4, n_iter=10, custom_grid=None, optimize=Accuracy, custom_scorer=None, search_library=tune-sklearn, search_algorithm=None, early_stopping=False, early_stopping_max_iters=10, choose_better=False, fit_kwargs=None, groups=None, return_tuner=False, verbose=True, tuner_verbose=True, display=None, kwargs={})
2020-11-05 11:48:05,380:INFO:Checking exceptions
